e:\projects\freelancer\vss\asap\asap\asap\asap\debug\asap.mainform.resources
e:\projects\freelancer\vss\asap\asap\asap\asap\debug\vc120.pdb
e:\projects\freelancer\vss\asap\asap\asap\asap\debug\.netframework,version=v4.5.assemblyattributes.obj
e:\projects\freelancer\vss\asap\asap\asap\asap\debug\asap.pch
e:\projects\freelancer\vss\asap\asap\asap\asap\debug\stdafx.obj
e:\projects\freelancer\vss\asap\asap\asap\asap\debug\onetoonebackup.obj
e:\projects\freelancer\vss\asap\asap\asap\asap\debug\mainform.obj
e:\projects\freelancer\vss\asap\asap\asap\asap\debug\jobstruct.obj
e:\projects\freelancer\vss\asap\asap\asap\asap\debug\jobhandler.obj
e:\projects\freelancer\vss\asap\asap\asap\asap\debug\flatbackup.obj
e:\projects\freelancer\vss\asap\asap\asap\asap\debug\databackup.obj
e:\projects\freelancer\vss\asap\asap\asap\asap\debug\assemblyinfo.obj
e:\projects\freelancer\vss\asap\asap\asap\asap\debug\asap.obj
e:\projects\freelancer\vss\asap\asap\asap\debug\asap.exe
e:\projects\freelancer\vss\asap\asap\asap\debug\asap.pdb
e:\projects\freelancer\vss\asap\asap\asap\asap\debug\app.res
e:\projects\freelancer\vss\asap\asap\asap\asap\debug\asap.vcxproj.generateresource.cache
e:\projects\freelancer\vss\asap\asap\asap\asap\debug\asap.vcxprojresolveassemblyreference.cache
e:\projects\freelancer\vss\asap\asap\asap\asap\debug\asap.tlog\asap.write.1u.tlog
e:\projects\freelancer\vss\asap\asap\asap\asap\debug\asap.tlog\cl.command.1.tlog
e:\projects\freelancer\vss\asap\asap\asap\asap\debug\asap.tlog\cl.read.1.tlog
e:\projects\freelancer\vss\asap\asap\asap\asap\debug\asap.tlog\cl.write.1.tlog
e:\projects\freelancer\vss\asap\asap\asap\asap\debug\asap.tlog\link.command.1.tlog
e:\projects\freelancer\vss\asap\asap\asap\asap\debug\asap.tlog\link.read.1.tlog
e:\projects\freelancer\vss\asap\asap\asap\asap\debug\asap.tlog\link.write.1.tlog
e:\projects\freelancer\vss\asap\asap\asap\asap\debug\asap.tlog\metagen.read.1.tlog
e:\projects\freelancer\vss\asap\asap\asap\asap\debug\asap.tlog\metagen.write.1.tlog
e:\projects\freelancer\vss\asap\asap\asap\asap\debug\asap.tlog\rc.command.1.tlog
e:\projects\freelancer\vss\asap\asap\asap\asap\debug\asap.tlog\rc.read.1.tlog
e:\projects\freelancer\vss\asap\asap\asap\asap\debug\asap.tlog\rc.write.1.tlog
e:\projects\freelancer\vss\asap\asap\asap\asap\debug\asap.tlog\rsaenh.dll.bi
e:\projects\freelancer\vss\asap\asap\asap\asap\debug\asap.tlog\tzres.dll.bi
