e:\projects\freelancer\vss\asap\asap\asap\asap\release\asap.mainform.resources
e:\projects\freelancer\vss\asap\asap\asap\asap\release\vc120.pdb
e:\projects\freelancer\vss\asap\asap\asap\asap\release\.netframework,version=v4.5.assemblyattributes.obj
e:\projects\freelancer\vss\asap\asap\asap\asap\release\asap.pch
e:\projects\freelancer\vss\asap\asap\asap\asap\release\stdafx.obj
e:\projects\freelancer\vss\asap\asap\asap\asap\release\onetoonebackup.obj
e:\projects\freelancer\vss\asap\asap\asap\asap\release\mainform.obj
e:\projects\freelancer\vss\asap\asap\asap\asap\release\jobstruct.obj
e:\projects\freelancer\vss\asap\asap\asap\asap\release\jobhandler.obj
e:\projects\freelancer\vss\asap\asap\asap\asap\release\flatbackup.obj
e:\projects\freelancer\vss\asap\asap\asap\asap\release\databackup.obj
e:\projects\freelancer\vss\asap\asap\asap\asap\release\assemblyinfo.obj
e:\projects\freelancer\vss\asap\asap\asap\asap\release\asap.obj
e:\projects\freelancer\vss\asap\asap\asap\release\asap.exe
e:\projects\freelancer\vss\asap\asap\asap\release\asap.pdb
e:\projects\freelancer\vss\asap\asap\asap\asap\release\app.res
e:\projects\freelancer\vss\asap\asap\asap\asap\release\asap.vcxproj.generateresource.cache
e:\projects\freelancer\vss\asap\asap\asap\asap\release\asap.vcxprojresolveassemblyreference.cache
e:\projects\freelancer\vss\asap\asap\asap\asap\release\asap.tlog\asap.write.1u.tlog
e:\projects\freelancer\vss\asap\asap\asap\asap\release\asap.tlog\cl.command.1.tlog
e:\projects\freelancer\vss\asap\asap\asap\asap\release\asap.tlog\cl.read.1.tlog
e:\projects\freelancer\vss\asap\asap\asap\asap\release\asap.tlog\cl.write.1.tlog
e:\projects\freelancer\vss\asap\asap\asap\asap\release\asap.tlog\link.command.1.tlog
e:\projects\freelancer\vss\asap\asap\asap\asap\release\asap.tlog\link.read.1.tlog
e:\projects\freelancer\vss\asap\asap\asap\asap\release\asap.tlog\link.write.1.tlog
e:\projects\freelancer\vss\asap\asap\asap\asap\release\asap.tlog\metagen.read.1.tlog
e:\projects\freelancer\vss\asap\asap\asap\asap\release\asap.tlog\metagen.write.1.tlog
e:\projects\freelancer\vss\asap\asap\asap\asap\release\asap.tlog\rc.command.1.tlog
e:\projects\freelancer\vss\asap\asap\asap\asap\release\asap.tlog\rc.read.1.tlog
e:\projects\freelancer\vss\asap\asap\asap\asap\release\asap.tlog\rc.write.1.tlog
e:\projects\freelancer\vss\asap\asap\asap\asap\release\asap.tlog\rsaenh.dll.bi
e:\projects\freelancer\vss\asap\asap\asap\asap\release\asap.tlog\tzres.dll.bi
