e:\projects\freelancer\vss\asap\asap\asap\asap\x64\debug\asap.mainform.resources
e:\projects\freelancer\vss\asap\asap\asap\asap\x64\debug\vc120.pdb
e:\projects\freelancer\vss\asap\asap\asap\asap\x64\debug\onetoonebackup.obj
e:\projects\freelancer\vss\asap\asap\asap\asap\x64\debug\mainform.obj
e:\projects\freelancer\vss\asap\asap\asap\asap\x64\debug\jobstruct.obj
e:\projects\freelancer\vss\asap\asap\asap\asap\x64\debug\jobhandler.obj
e:\projects\freelancer\vss\asap\asap\asap\asap\x64\debug\flatbackup.obj
e:\projects\freelancer\vss\asap\asap\asap\asap\x64\debug\databackup.obj
e:\projects\freelancer\vss\asap\asap\asap\asap\x64\debug\assemblyinfo.obj
e:\projects\freelancer\vss\asap\asap\asap\asap\x64\debug\asap.obj
e:\projects\freelancer\vss\asap\asap\asap\asap\x64\debug\.netframework,version=v4.5.assemblyattributes.obj
e:\projects\freelancer\vss\asap\asap\asap\asap\x64\debug\vssbackup.obj
e:\projects\freelancer\vss\asap\asap\asap\asap\x64\debug\cwriter.obj
e:\projects\freelancer\vss\asap\asap\asap\asap\x64\debug\cwritercomponent.obj
e:\projects\freelancer\vss\asap\asap\asap\asap\x64\debug\cparseoptionsexception.obj
e:\projects\freelancer\vss\asap\asap\asap\asap\x64\debug\ccomexception.obj
e:\projects\freelancer\vss\asap\asap\asap\asap\x64\debug\cfilespeccopyfilter.obj
e:\projects\freelancer\vss\asap\asap\asap\asap\x64\debug\ccopyfilter.obj
e:\projects\freelancer\vss\asap\asap\asap\asap\x64\debug\asap.pch
e:\projects\freelancer\vss\asap\asap\asap\asap\x64\debug\stdafx.obj
e:\projects\freelancer\vss\asap\asap\asap\x64\debug\asap.exe
e:\projects\freelancer\vss\asap\asap\asap\x64\debug\asap.pdb
e:\projects\freelancer\vss\asap\asap\asap\asap\x64\debug\app.res
e:\projects\freelancer\vss\asap\asap\asap\asap\x64\debug\asap.vcxproj.generateresource.cache
e:\projects\freelancer\vss\asap\asap\asap\asap\x64\debug\asap.vcxprojresolveassemblyreference.cache
e:\projects\freelancer\vss\asap\asap\asap\asap\x64\debug\asap.tlog\asap.write.1u.tlog
e:\projects\freelancer\vss\asap\asap\asap\asap\x64\debug\asap.tlog\cl.command.1.tlog
e:\projects\freelancer\vss\asap\asap\asap\asap\x64\debug\asap.tlog\cl.read.1.tlog
e:\projects\freelancer\vss\asap\asap\asap\asap\x64\debug\asap.tlog\cl.write.1.tlog
e:\projects\freelancer\vss\asap\asap\asap\asap\x64\debug\asap.tlog\link.command.1.tlog
e:\projects\freelancer\vss\asap\asap\asap\asap\x64\debug\asap.tlog\link.read.1.tlog
e:\projects\freelancer\vss\asap\asap\asap\asap\x64\debug\asap.tlog\link.write.1.tlog
e:\projects\freelancer\vss\asap\asap\asap\asap\x64\debug\asap.tlog\metagen.read.1.tlog
e:\projects\freelancer\vss\asap\asap\asap\asap\x64\debug\asap.tlog\metagen.write.1.tlog
e:\projects\freelancer\vss\asap\asap\asap\asap\x64\debug\asap.tlog\rc.command.1.tlog
e:\projects\freelancer\vss\asap\asap\asap\asap\x64\debug\asap.tlog\rc.read.1.tlog
e:\projects\freelancer\vss\asap\asap\asap\asap\x64\debug\asap.tlog\rc.write.1.tlog
e:\projects\freelancer\vss\asap\asap\asap\asap\x64\debug\asap.tlog\rsaenh.dll.bi
e:\projects\freelancer\vss\asap\asap\asap\asap\x64\debug\asap.tlog\tzres.dll.bi
